# JRE version: Java(TM) SE Runtime Environment (8.0_191-b12) (build 1.8.0_191-b12)
# Java VM: Java HotSpot(TM) 64-Bit Server VM (25.191-b12 mixed mode linux-amd64 compressed oops)
Heap:
 PSYoungGen      total 132608K, used 13027K [0x00000000ec780000, 0x00000000f9f80000, 0x0000000100000000)
  eden space 118272K, 0% used [0x00000000ec780000,0x00000000ec780000,0x00000000f3b00000)
  from space 14336K, 90% used [0x00000000f3b00000,0x00000000f47b8db0,0x00000000f4900000)
  to   space 15872K, 0% used [0x00000000f9000000,0x00000000f9000000,0x00000000f9f80000)
 ParOldGen       total 40960K, used 18950K [0x00000000c5600000, 0x00000000c7e00000, 0x00000000ec780000)
  object space 40960K, 46% used [0x00000000c5600000,0x00000000c6881a70,0x00000000c7e00000)
 Metaspace       used 20624K, capacity 21126K, committed 21296K, reserved 1069056K
  class space    used 2430K, capacity 2625K, committed 2688K, reserved 1048576K
GC Heap History (10 events):
Event: 3,714 GC heap after
Heap after GC invocations=5 (full 0):
 PSYoungGen      total 33280K, used 2528K [0x00000000ec780000, 0x00000000f1380000, 0x0000000100000000)
  eden space 30720K, 0% used [0x00000000ec780000,0x00000000ec780000,0x00000000ee580000)
  from space 2560K, 98% used [0x00000000ee580000,0x00000000ee7f8020,0x00000000ee800000)
  to   space 8192K, 0% used [0x00000000f0b80000,0x00000000f0b80000,0x00000000f1380000)
 ParOldGen       total 40960K, used 10326K [0x00000000c5600000, 0x00000000c7e00000, 0x00000000ec780000)
  object space 40960K, 25% used [0x00000000c5600000,0x00000000c6015850,0x00000000c7e00000)
 Metaspace       used 14822K, capacity 14984K, committed 15232K, reserved 1062912K
  class space    used 1817K, capacity 1908K, committed 1920K, reserved 1048576K
}
Event: 4,685 GC heap before
{Heap before GC invocations=6 (full 0):
 PSYoungGen      total 33280K, used 33248K [0x00000000ec780000, 0x00000000f1380000, 0x0000000100000000)
  eden space 30720K, 100% used [0x00000000ec780000,0x00000000ee580000,0x00000000ee580000)
  from space 2560K, 98% used [0x00000000ee580000,0x00000000ee7f8020,0x00000000ee800000)
  to   space 8192K, 0% used [0x00000000f0b80000,0x00000000f0b80000,0x00000000f1380000)
 ParOldGen       total 40960K, used 10326K [0x00000000c5600000, 0x00000000c7e00000, 0x00000000ec780000)
  object space 40960K, 25% used [0x00000000c5600000,0x00000000c6015850,0x00000000c7e00000)
 Metaspace       used 15308K, capacity 15470K, committed 15872K, reserved 1062912K
  class space    used 1849K, capacity 1941K, committed 2048K, reserved 1048576K
Event: 4,731 GC heap after
Heap after GC invocations=6 (full 0):
 PSYoungGen      total 68608K, used 7244K [0x00000000ec780000, 0x00000000f1580000, 0x0000000100000000)
  eden space 60416K, 0% used [0x00000000ec780000,0x00000000ec780000,0x00000000f0280000)
  from space 8192K, 88% used [0x00000000f0b80000,0x00000000f1293160,0x00000000f1380000)
  to   space 9216K, 0% used [0x00000000f0280000,0x00000000f0280000,0x00000000f0b80000)
 ParOldGen       total 40960K, used 10326K [0x00000000c5600000, 0x00000000c7e00000, 0x00000000ec780000)
  object space 40960K, 25% used [0x00000000c5600000,0x00000000c6015850,0x00000000c7e00000)
 Metaspace       used 15308K, capacity 15470K, committed 15872K, reserved 1062912K
  class space    used 1849K, capacity 1941K, committed 2048K, reserved 1048576K
}
Event: 5,841 GC heap before
{Heap before GC invocations=7 (full 0):
 PSYoungGen      total 68608K, used 67660K [0x00000000ec780000, 0x00000000f1580000, 0x0000000100000000)
  eden space 60416K, 100% used [0x00000000ec780000,0x00000000f0280000,0x00000000f0280000)
  from space 8192K, 88% used [0x00000000f0b80000,0x00000000f1293160,0x00000000f1380000)
  to   space 9216K, 0% used [0x00000000f0280000,0x00000000f0280000,0x00000000f0b80000)
 ParOldGen       total 40960K, used 10326K [0x00000000c5600000, 0x00000000c7e00000, 0x00000000ec780000)
  object space 40960K, 25% used [0x00000000c5600000,0x00000000c6015850,0x00000000c7e00000)
 Metaspace       used 15576K, capacity 15792K, committed 16128K, reserved 1062912K
  class space    used 1861K, capacity 1952K, committed 2048K, reserved 1048576K
Event: 5,891 GC heap after
Heap after GC invocations=7 (full 0):
 PSYoungGen      total 69632K, used 9200K [0x00000000ec780000, 0x00000000f5480000, 0x0000000100000000)
  eden space 60416K, 0% used [0x00000000ec780000,0x00000000ec780000,0x00000000f0280000)
  from space 9216K, 99% used [0x00000000f0280000,0x00000000f0b7c010,0x00000000f0b80000)
  to   space 11776K, 0% used [0x00000000f4900000,0x00000000f4900000,0x00000000f5480000)
 ParOldGen       total 40960K, used 12806K [0x00000000c5600000, 0x00000000c7e00000, 0x00000000ec780000)
  object space 40960K, 31% used [0x00000000c5600000,0x00000000c62818b0,0x00000000c7e00000)
 Metaspace       used 15576K, capacity 15792K, committed 16128K, reserved 1062912K
  class space    used 1861K, capacity 1952K, committed 2048K, reserved 1048576K
}
Event: 7,295 GC heap before
{Heap before GC invocations=8 (full 0):
 PSYoungGen      total 69632K, used 69616K [0x00000000ec780000, 0x00000000f5480000, 0x0000000100000000)
  eden space 60416K, 100% used [0x00000000ec780000,0x00000000f0280000,0x00000000f0280000)
  from space 9216K, 99% used [0x00000000f0280000,0x00000000f0b7c010,0x00000000f0b80000)
  to   space 11776K, 0% used [0x00000000f4900000,0x00000000f4900000,0x00000000f5480000)
 ParOldGen       total 40960K, used 12806K [0x00000000c5600000, 0x00000000c7e00000, 0x00000000ec780000)
  object space 40960K, 31% used [0x00000000c5600000,0x00000000c62818b0,0x00000000c7e00000)
 Metaspace       used 16825K, capacity 17224K, committed 17536K, reserved 1064960K
  class space    used 1971K, capacity 2088K, committed 2176K, reserved 1048576K
Event: 7,331 GC heap after
Heap after GC invocations=8 (full 0):
 PSYoungGen      total 130048K, used 11768K [0x00000000ec780000, 0x00000000f5980000, 0x0000000100000000)
  eden space 118272K, 0% used [0x00000000ec780000,0x00000000ec780000,0x00000000f3b00000)
  from space 11776K, 99% used [0x00000000f4900000,0x00000000f547e138,0x00000000f5480000)
  to   space 14336K, 0% used [0x00000000f3b00000,0x00000000f3b00000,0x00000000f4900000)
 ParOldGen       total 40960K, used 14018K [0x00000000c5600000, 0x00000000c7e00000, 0x00000000ec780000)
  object space 40960K, 34% used [0x00000000c5600000,0x00000000c63b0a40,0x00000000c7e00000)
 Metaspace       used 16825K, capacity 17224K, committed 17536K, reserved 1064960K
  class space    used 1971K, capacity 2088K, committed 2176K, reserved 1048576K
}
Event: 9,712 GC heap before
{Heap before GC invocations=9 (full 0):
 PSYoungGen      total 130048K, used 108397K [0x00000000ec780000, 0x00000000f5980000, 0x0000000100000000)
  eden space 118272K, 81% used [0x00000000ec780000,0x00000000f25dd5b0,0x00000000f3b00000)
  from space 11776K, 99% used [0x00000000f4900000,0x00000000f547e138,0x00000000f5480000)
  to   space 14336K, 0% used [0x00000000f3b00000,0x00000000f3b00000,0x00000000f4900000)
 ParOldGen       total 40960K, used 14018K [0x00000000c5600000, 0x00000000c7e00000, 0x00000000ec780000)
  object space 40960K, 34% used [0x00000000c5600000,0x00000000c63b0a40,0x00000000c7e00000)
 Metaspace       used 20624K, capacity 21126K, committed 21296K, reserved 1069056K
  class space    used 2430K, capacity 2625K, committed 2688K, reserved 1048576K
Event: 9,758 GC heap after
Heap after GC invocations=9 (full 0):
 PSYoungGen      total 132608K, used 13027K [0x00000000ec780000, 0x00000000f9f80000, 0x0000000100000000)
  eden space 118272K, 0% used [0x00000000ec780000,0x00000000ec780000,0x00000000f3b00000)
  from space 14336K, 90% used [0x00000000f3b00000,0x00000000f47b8db0,0x00000000f4900000)
  to   space 15872K, 0% used [0x00000000f9000000,0x00000000f9000000,0x00000000f9f80000)
 ParOldGen       total 40960K, used 18950K [0x00000000c5600000, 0x00000000c7e00000, 0x00000000ec780000)
  object space 40960K, 46% used [0x00000000c5600000,0x00000000c6881a70,0x00000000c7e00000)
 Metaspace       used 20624K, capacity 21126K, committed 21296K, reserved 1069056K
  class space    used 2430K, capacity 2625K, committed 2688K, reserved 1048576K
}
Event: 9,758 GC heap before
{Heap before GC invocations=10 (full 1):
 PSYoungGen      total 132608K, used 13027K [0x00000000ec780000, 0x00000000f9f80000, 0x0000000100000000)
  eden space 118272K, 0% used [0x00000000ec780000,0x00000000ec780000,0x00000000f3b00000)
  from space 14336K, 90% used [0x00000000f3b00000,0x00000000f47b8db0,0x00000000f4900000)
  to   space 15872K, 0% used [0x00000000f9000000,0x00000000f9000000,0x00000000f9f80000)
 ParOldGen       total 40960K, used 18950K [0x00000000c5600000, 0x00000000c7e00000, 0x00000000ec780000)
  object space 40960K, 46% used [0x00000000c5600000,0x00000000c6881a70,0x00000000c7e00000)
 Metaspace       used 20624K, capacity 21126K, committed 21296K, reserved 1069056K
  class space    used 2430K, capacity 2625K, committed 2688K, reserved 1048576K

