# JRE version: Java(TM) SE Runtime Environment (8.0_191-b12) (build 1.8.0_191-b12)
# Java VM: Java HotSpot(TM) 64-Bit Server VM (25.191-b12 mixed mode linux-amd64 compressed oops)
Heap:
 PSYoungGen      total 202240K, used 4430K [0x00000000ec780000, 0x00000000fb480000, 0x0000000100000000)
  eden space 184320K, 0% used [0x00000000ec780000,0x00000000ec780000,0x00000000f7b80000)
  from space 17920K, 24% used [0x00000000f7b80000,0x00000000f7fd38e0,0x00000000f8d00000)
  to   space 17408K, 0% used [0x00000000fa380000,0x00000000fa380000,0x00000000fb480000)
 ParOldGen       total 54272K, used 24045K [0x00000000c5600000, 0x00000000c8b00000, 0x00000000ec780000)
  object space 54272K, 44% used [0x00000000c5600000,0x00000000c6d7b708,0x00000000c8b00000)
 Metaspace       used 34500K, capacity 35392K, committed 35496K, reserved 1081344K
  class space    used 4304K, capacity 4593K, committed 4608K, reserved 1048576K
GC Heap History (10 events):
Event: 7,381 GC heap after
Heap after GC invocations=8 (full 0):
 PSYoungGen      total 130048K, used 11776K [0x00000000ec780000, 0x00000000f5980000, 0x0000000100000000)
  eden space 118272K, 0% used [0x00000000ec780000,0x00000000ec780000,0x00000000f3b00000)
  from space 11776K, 100% used [0x00000000f4900000,0x00000000f5480000,0x00000000f5480000)
  to   space 14336K, 0% used [0x00000000f3b00000,0x00000000f3b00000,0x00000000f4900000)
 ParOldGen       total 40960K, used 14206K [0x00000000c5600000, 0x00000000c7e00000, 0x00000000ec780000)
  object space 40960K, 34% used [0x00000000c5600000,0x00000000c63df888,0x00000000c7e00000)
 Metaspace       used 17086K, capacity 17448K, committed 17536K, reserved 1064960K
  class space    used 2010K, capacity 2120K, committed 2176K, reserved 1048576K
}
Event: 9,802 GC heap before
{Heap before GC invocations=9 (full 0):
 PSYoungGen      total 130048K, used 100259K [0x00000000ec780000, 0x00000000f5980000, 0x0000000100000000)
  eden space 118272K, 74% used [0x00000000ec780000,0x00000000f1de8ec8,0x00000000f3b00000)
  from space 11776K, 100% used [0x00000000f4900000,0x00000000f5480000,0x00000000f5480000)
  to   space 14336K, 0% used [0x00000000f3b00000,0x00000000f3b00000,0x00000000f4900000)
 ParOldGen       total 40960K, used 14206K [0x00000000c5600000, 0x00000000c7e00000, 0x00000000ec780000)
  object space 40960K, 34% used [0x00000000c5600000,0x00000000c63df888,0x00000000c7e00000)
 Metaspace       used 20591K, capacity 21158K, committed 21296K, reserved 1069056K
  class space    used 2434K, capacity 2657K, committed 2688K, reserved 1048576K
Event: 9,865 GC heap after
Heap after GC invocations=9 (full 0):
 PSYoungGen      total 132608K, used 13214K [0x00000000ec780000, 0x00000000f9f80000, 0x0000000100000000)
  eden space 118272K, 0% used [0x00000000ec780000,0x00000000ec780000,0x00000000f3b00000)
  from space 14336K, 92% used [0x00000000f3b00000,0x00000000f47e7948,0x00000000f4900000)
  to   space 15872K, 0% used [0x00000000f9000000,0x00000000f9000000,0x00000000f9f80000)
 ParOldGen       total 40960K, used 19154K [0x00000000c5600000, 0x00000000c7e00000, 0x00000000ec780000)
  object space 40960K, 46% used [0x00000000c5600000,0x00000000c68b4898,0x00000000c7e00000)
 Metaspace       used 20591K, capacity 21158K, committed 21296K, reserved 1069056K
  class space    used 2434K, capacity 2657K, committed 2688K, reserved 1048576K
}
Event: 9,865 GC heap before
{Heap before GC invocations=10 (full 1):
 PSYoungGen      total 132608K, used 13214K [0x00000000ec780000, 0x00000000f9f80000, 0x0000000100000000)
  eden space 118272K, 0% used [0x00000000ec780000,0x00000000ec780000,0x00000000f3b00000)
  from space 14336K, 92% used [0x00000000f3b00000,0x00000000f47e7948,0x00000000f4900000)
  to   space 15872K, 0% used [0x00000000f9000000,0x00000000f9000000,0x00000000f9f80000)
 ParOldGen       total 40960K, used 19154K [0x00000000c5600000, 0x00000000c7e00000, 0x00000000ec780000)
  object space 40960K, 46% used [0x00000000c5600000,0x00000000c68b4898,0x00000000c7e00000)
 Metaspace       used 20591K, capacity 21158K, committed 21296K, reserved 1069056K
  class space    used 2434K, capacity 2657K, committed 2688K, reserved 1048576K
Event: 10,200 GC heap after
Heap after GC invocations=10 (full 1):
 PSYoungGen      total 132608K, used 0K [0x00000000ec780000, 0x00000000f9f80000, 0x0000000100000000)
  eden space 118272K, 0% used [0x00000000ec780000,0x00000000ec780000,0x00000000f3b00000)
  from space 14336K, 0% used [0x00000000f3b00000,0x00000000f3b00000,0x00000000f4900000)
  to   space 15872K, 0% used [0x00000000f9000000,0x00000000f9000000,0x00000000f9f80000)
 ParOldGen       total 54272K, used 24029K [0x00000000c5600000, 0x00000000c8b00000, 0x00000000ec780000)
  object space 54272K, 44% used [0x00000000c5600000,0x00000000c6d77708,0x00000000c8b00000)
 Metaspace       used 20591K, capacity 21158K, committed 21296K, reserved 1069056K
  class space    used 2434K, capacity 2657K, committed 2688K, reserved 1048576K
}
Event: 13,399 GC heap before
{Heap before GC invocations=11 (full 1):
 PSYoungGen      total 132608K, used 118272K [0x00000000ec780000, 0x00000000f9f80000, 0x0000000100000000)
  eden space 118272K, 100% used [0x00000000ec780000,0x00000000f3b00000,0x00000000f3b00000)
  from space 14336K, 0% used [0x00000000f3b00000,0x00000000f3b00000,0x00000000f4900000)
  to   space 15872K, 0% used [0x00000000f9000000,0x00000000f9000000,0x00000000f9f80000)
 ParOldGen       total 54272K, used 24029K [0x00000000c5600000, 0x00000000c8b00000, 0x00000000ec780000)
  object space 54272K, 44% used [0x00000000c5600000,0x00000000c6d77708,0x00000000c8b00000)
 Metaspace       used 34034K, capacity 34976K, committed 35072K, reserved 1079296K
  class space    used 4240K, capacity 4561K, committed 4608K, reserved 1048576K
Event: 13,440 GC heap after
Heap after GC invocations=11 (full 1):
 PSYoungGen      total 163328K, used 14421K [0x00000000ec780000, 0x00000000f9e80000, 0x0000000100000000)
  eden space 148480K, 0% used [0x00000000ec780000,0x00000000ec780000,0x00000000f5880000)
  from space 14848K, 97% used [0x00000000f9000000,0x00000000f9e157e8,0x00000000f9e80000)
  to   space 17920K, 0% used [0x00000000f7b80000,0x00000000f7b80000,0x00000000f8d00000)
 ParOldGen       total 54272K, used 24037K [0x00000000c5600000, 0x00000000c8b00000, 0x00000000ec780000)
  object space 54272K, 44% used [0x00000000c5600000,0x00000000c6d79708,0x00000000c8b00000)
 Metaspace       used 34034K, capacity 34976K, committed 35072K, reserved 1079296K
  class space    used 4240K, capacity 4561K, committed 4608K, reserved 1048576K
}
Event: 13,525 GC heap before
{Heap before GC invocations=12 (full 1):
 PSYoungGen      total 163328K, used 19408K [0x00000000ec780000, 0x00000000f9e80000, 0x0000000100000000)
  eden space 148480K, 3% used [0x00000000ec780000,0x00000000ecc5ec08,0x00000000f5880000)
  from space 14848K, 97% used [0x00000000f9000000,0x00000000f9e157e8,0x00000000f9e80000)
  to   space 17920K, 0% used [0x00000000f7b80000,0x00000000f7b80000,0x00000000f8d00000)
 ParOldGen       total 54272K, used 24037K [0x00000000c5600000, 0x00000000c8b00000, 0x00000000ec780000)
  object space 54272K, 44% used [0x00000000c5600000,0x00000000c6d79708,0x00000000c8b00000)
 Metaspace       used 34500K, capacity 35392K, committed 35496K, reserved 1081344K
  class space    used 4304K, capacity 4593K, committed 4608K, reserved 1048576K
Event: 13,545 GC heap after
Heap after GC invocations=12 (full 1):
 PSYoungGen      total 202240K, used 4430K [0x00000000ec780000, 0x00000000fb480000, 0x0000000100000000)
  eden space 184320K, 0% used [0x00000000ec780000,0x00000000ec780000,0x00000000f7b80000)
  from space 17920K, 24% used [0x00000000f7b80000,0x00000000f7fd38e0,0x00000000f8d00000)
  to   space 17408K, 0% used [0x00000000fa380000,0x00000000fa380000,0x00000000fb480000)
 ParOldGen       total 54272K, used 24045K [0x00000000c5600000, 0x00000000c8b00000, 0x00000000ec780000)
  object space 54272K, 44% used [0x00000000c5600000,0x00000000c6d7b708,0x00000000c8b00000)
 Metaspace       used 34500K, capacity 35392K, committed 35496K, reserved 1081344K
  class space    used 4304K, capacity 4593K, committed 4608K, reserved 1048576K
}
Event: 13,545 GC heap before
{Heap before GC invocations=13 (full 2):
 PSYoungGen      total 202240K, used 4430K [0x00000000ec780000, 0x00000000fb480000, 0x0000000100000000)
  eden space 184320K, 0% used [0x00000000ec780000,0x00000000ec780000,0x00000000f7b80000)
  from space 17920K, 24% used [0x00000000f7b80000,0x00000000f7fd38e0,0x00000000f8d00000)
  to   space 17408K, 0% used [0x00000000fa380000,0x00000000fa380000,0x00000000fb480000)
 ParOldGen       total 54272K, used 24045K [0x00000000c5600000, 0x00000000c8b00000, 0x00000000ec780000)
  object space 54272K, 44% used [0x00000000c5600000,0x00000000c6d7b708,0x00000000c8b00000)
 Metaspace       used 34500K, capacity 35392K, committed 35496K, reserved 1081344K
  class space    used 4304K, capacity 4593K, committed 4608K, reserved 1048576K

