# JRE version: Java(TM) SE Runtime Environment (8.0_191-b12) (build 1.8.0_191-b12)
# Java VM: Java HotSpot(TM) 64-Bit Server VM (25.191-b12 mixed mode linux-amd64 compressed oops)
Heap:
 PSYoungGen      total 17920K, used 17224K [0x00000000ec780000, 0x00000000eea80000, 0x0000000100000000)
  eden space 15360K, 95% used [0x00000000ec780000,0x00000000ed5d3ed8,0x00000000ed680000)
  from space 2560K, 99% used [0x00000000ed680000,0x00000000ed8fe140,0x00000000ed900000)
  to   space 2560K, 0% used [0x00000000ee800000,0x00000000ee800000,0x00000000eea80000)
 ParOldGen       total 40960K, used 3058K [0x00000000c5600000, 0x00000000c7e00000, 0x00000000ec780000)
  object space 40960K, 7% used [0x00000000c5600000,0x00000000c58fca10,0x00000000c7e00000)
 Metaspace       used 11577K, capacity 11720K, committed 11904K, reserved 1058816K
  class space    used 1437K, capacity 1540K, committed 1664K, reserved 1048576K
GC Heap History (6 events):
Event: 0,802 GC heap before
{Heap before GC invocations=1 (full 0):
 PSYoungGen      total 17920K, used 15360K [0x00000000ec780000, 0x00000000edb80000, 0x0000000100000000)
  eden space 15360K, 100% used [0x00000000ec780000,0x00000000ed680000,0x00000000ed680000)
  from space 2560K, 0% used [0x00000000ed900000,0x00000000ed900000,0x00000000edb80000)
  to   space 2560K, 0% used [0x00000000ed680000,0x00000000ed680000,0x00000000ed900000)
 ParOldGen       total 40960K, used 0K [0x00000000c5600000, 0x00000000c7e00000, 0x00000000ec780000)
  object space 40960K, 0% used [0x00000000c5600000,0x00000000c5600000,0x00000000c7e00000)
 Metaspace       used 6736K, capacity 6956K, committed 7040K, reserved 1056768K
  class space    used 767K, capacity 856K, committed 896K, reserved 1048576K
Event: 0,810 GC heap after
Heap after GC invocations=1 (full 0):
 PSYoungGen      total 17920K, used 2554K [0x00000000ec780000, 0x00000000edb80000, 0x0000000100000000)
  eden space 15360K, 0% used [0x00000000ec780000,0x00000000ec780000,0x00000000ed680000)
  from space 2560K, 99% used [0x00000000ed680000,0x00000000ed8feb90,0x00000000ed900000)
  to   space 2560K, 0% used [0x00000000ed900000,0x00000000ed900000,0x00000000edb80000)
 ParOldGen       total 40960K, used 974K [0x00000000c5600000, 0x00000000c7e00000, 0x00000000ec780000)
  object space 40960K, 2% used [0x00000000c5600000,0x00000000c56f3ac8,0x00000000c7e00000)
 Metaspace       used 6736K, capacity 6956K, committed 7040K, reserved 1056768K
  class space    used 767K, capacity 856K, committed 896K, reserved 1048576K
}
Event: 1,310 GC heap before
{Heap before GC invocations=2 (full 0):
 PSYoungGen      total 17920K, used 17914K [0x00000000ec780000, 0x00000000edb80000, 0x0000000100000000)
  eden space 15360K, 100% used [0x00000000ec780000,0x00000000ed680000,0x00000000ed680000)
  from space 2560K, 99% used [0x00000000ed680000,0x00000000ed8feb90,0x00000000ed900000)
  to   space 2560K, 0% used [0x00000000ed900000,0x00000000ed900000,0x00000000edb80000)
 ParOldGen       total 40960K, used 974K [0x00000000c5600000, 0x00000000c7e00000, 0x00000000ec780000)
  object space 40960K, 2% used [0x00000000c5600000,0x00000000c56f3ac8,0x00000000c7e00000)
 Metaspace       used 8032K, capacity 8188K, committed 8320K, reserved 1056768K
  class space    used 983K, capacity 1048K, committed 1152K, reserved 1048576K
Event: 1,319 GC heap after
Heap after GC invocations=2 (full 0):
 PSYoungGen      total 17920K, used 2558K [0x00000000ec780000, 0x00000000eea80000, 0x0000000100000000)
  eden space 15360K, 0% used [0x00000000ec780000,0x00000000ec780000,0x00000000ed680000)
  from space 2560K, 99% used [0x00000000ed900000,0x00000000edb7f920,0x00000000edb80000)
  to   space 2560K, 0% used [0x00000000ed680000,0x00000000ed680000,0x00000000ed900000)
 ParOldGen       total 40960K, used 1302K [0x00000000c5600000, 0x00000000c7e00000, 0x00000000ec780000)
  object space 40960K, 3% used [0x00000000c5600000,0x00000000c57459c8,0x00000000c7e00000)
 Metaspace       used 8032K, capacity 8188K, committed 8320K, reserved 1056768K
  class space    used 983K, capacity 1048K, committed 1152K, reserved 1048576K
}
Event: 1,664 GC heap before
{Heap before GC invocations=3 (full 0):
 PSYoungGen      total 17920K, used 17918K [0x00000000ec780000, 0x00000000eea80000, 0x0000000100000000)
  eden space 15360K, 100% used [0x00000000ec780000,0x00000000ed680000,0x00000000ed680000)
  from space 2560K, 99% used [0x00000000ed900000,0x00000000edb7f920,0x00000000edb80000)
  to   space 2560K, 0% used [0x00000000ed680000,0x00000000ed680000,0x00000000ed900000)
 ParOldGen       total 40960K, used 1302K [0x00000000c5600000, 0x00000000c7e00000, 0x00000000ec780000)
  object space 40960K, 3% used [0x00000000c5600000,0x00000000c57459c8,0x00000000c7e00000)
 Metaspace       used 9779K, capacity 9902K, committed 9984K, reserved 1058816K
  class space    used 1195K, capacity 1275K, committed 1280K, reserved 1048576K
Event: 1,678 GC heap after
Heap after GC invocations=3 (full 0):
 PSYoungGen      total 17920K, used 2552K [0x00000000ec780000, 0x00000000eea80000, 0x0000000100000000)
  eden space 15360K, 0% used [0x00000000ec780000,0x00000000ec780000,0x00000000ed680000)
  from space 2560K, 99% used [0x00000000ed680000,0x00000000ed8fe140,0x00000000ed900000)
  to   space 2560K, 0% used [0x00000000ee800000,0x00000000ee800000,0x00000000eea80000)
 ParOldGen       total 40960K, used 3058K [0x00000000c5600000, 0x00000000c7e00000, 0x00000000ec780000)
  object space 40960K, 7% used [0x00000000c5600000,0x00000000c58fca10,0x00000000c7e00000)
 Metaspace       used 9779K, capacity 9902K, committed 9984K, reserved 1058816K
  class space    used 1195K, capacity 1275K, committed 1280K, reserved 1048576K
}

