# JRE version: Java(TM) SE Runtime Environment (8.0_191-b12) (build 1.8.0_191-b12)
# Java VM: Java HotSpot(TM) 64-Bit Server VM (25.191-b12 mixed mode linux-amd64 compressed oops)
Heap:
 PSYoungGen      total 213504K, used 9786K [0x00000000ec780000, 0x00000000fdc00000, 0x0000000100000000)
  eden space 195072K, 0% used [0x00000000ec780000,0x00000000ec780000,0x00000000f8600000)
  from space 18432K, 53% used [0x00000000f9780000,0x00000000fa10ea88,0x00000000fa980000)
  to   space 17920K, 0% used [0x00000000f8600000,0x00000000f8600000,0x00000000f9780000)
 ParOldGen       total 48128K, used 34779K [0x00000000c5600000, 0x00000000c8500000, 0x00000000ec780000)
  object space 48128K, 72% used [0x00000000c5600000,0x00000000c77f6f30,0x00000000c8500000)
 Metaspace       used 34392K, capacity 35392K, committed 35496K, reserved 1081344K
  class space    used 4288K, capacity 4575K, committed 4608K, reserved 1048576K
GC Heap History (10 events):
Event: 8,741 GC heap after
Heap after GC invocations=9 (full 0):
 PSYoungGen      total 132608K, used 8835K [0x00000000ec780000, 0x00000000f9c80000, 0x0000000100000000)
  eden space 118272K, 0% used [0x00000000ec780000,0x00000000ec780000,0x00000000f3b00000)
  from space 14336K, 61% used [0x00000000f3b00000,0x00000000f43a0d28,0x00000000f4900000)
  to   space 14336K, 0% used [0x00000000f8e80000,0x00000000f8e80000,0x00000000f9c80000)
 ParOldGen       total 40960K, used 18649K [0x00000000c5600000, 0x00000000c7e00000, 0x00000000ec780000)
  object space 40960K, 45% used [0x00000000c5600000,0x00000000c68366c0,0x00000000c7e00000)
 Metaspace       used 20698K, capacity 21082K, committed 21296K, reserved 1069056K
  class space    used 2471K, capacity 2585K, committed 2688K, reserved 1048576K
}
Event: 8,742 GC heap before
{Heap before GC invocations=10 (full 1):
 PSYoungGen      total 132608K, used 8835K [0x00000000ec780000, 0x00000000f9c80000, 0x0000000100000000)
  eden space 118272K, 0% used [0x00000000ec780000,0x00000000ec780000,0x00000000f3b00000)
  from space 14336K, 61% used [0x00000000f3b00000,0x00000000f43a0d28,0x00000000f4900000)
  to   space 14336K, 0% used [0x00000000f8e80000,0x00000000f8e80000,0x00000000f9c80000)
 ParOldGen       total 40960K, used 18649K [0x00000000c5600000, 0x00000000c7e00000, 0x00000000ec780000)
  object space 40960K, 45% used [0x00000000c5600000,0x00000000c68366c0,0x00000000c7e00000)
 Metaspace       used 20698K, capacity 21082K, committed 21296K, reserved 1069056K
  class space    used 2471K, capacity 2585K, committed 2688K, reserved 1048576K
Event: 9,000 GC heap after
Heap after GC invocations=10 (full 1):
 PSYoungGen      total 132608K, used 0K [0x00000000ec780000, 0x00000000f9c80000, 0x0000000100000000)
  eden space 118272K, 0% used [0x00000000ec780000,0x00000000ec780000,0x00000000f3b00000)
  from space 14336K, 0% used [0x00000000f3b00000,0x00000000f3b00000,0x00000000f4900000)
  to   space 14336K, 0% used [0x00000000f8e80000,0x00000000f8e80000,0x00000000f9c80000)
 ParOldGen       total 48128K, used 19610K [0x00000000c5600000, 0x00000000c8500000, 0x00000000ec780000)
  object space 48128K, 40% used [0x00000000c5600000,0x00000000c6926be8,0x00000000c8500000)
 Metaspace       used 20698K, capacity 21082K, committed 21296K, reserved 1069056K
  class space    used 2471K, capacity 2585K, committed 2688K, reserved 1048576K
}
Event: 11,570 GC heap before
{Heap before GC invocations=11 (full 1):
 PSYoungGen      total 132608K, used 118272K [0x00000000ec780000, 0x00000000f9c80000, 0x0000000100000000)
  eden space 118272K, 100% used [0x00000000ec780000,0x00000000f3b00000,0x00000000f3b00000)
  from space 14336K, 0% used [0x00000000f3b00000,0x00000000f3b00000,0x00000000f4900000)
  to   space 14336K, 0% used [0x00000000f8e80000,0x00000000f8e80000,0x00000000f9c80000)
 ParOldGen       total 48128K, used 19610K [0x00000000c5600000, 0x00000000c8500000, 0x00000000ec780000)
  object space 48128K, 40% used [0x00000000c5600000,0x00000000c6926be8,0x00000000c8500000)
 Metaspace       used 23659K, capacity 24266K, committed 24576K, reserved 1071104K
  class space    used 2781K, capacity 2967K, committed 3072K, reserved 1048576K
Event: 11,624 GC heap after
Heap after GC invocations=11 (full 1):
 PSYoungGen      total 166912K, used 14312K [0x00000000ec780000, 0x00000000f9c80000, 0x0000000100000000)
  eden space 152576K, 0% used [0x00000000ec780000,0x00000000ec780000,0x00000000f5c80000)
  from space 14336K, 99% used [0x00000000f8e80000,0x00000000f9c7a2c0,0x00000000f9c80000)
  to   space 16896K, 0% used [0x00000000f7b80000,0x00000000f7b80000,0x00000000f8c00000)
 ParOldGen       total 48128K, used 21405K [0x00000000c5600000, 0x00000000c8500000, 0x00000000ec780000)
  object space 48128K, 44% used [0x00000000c5600000,0x00000000c6ae75d8,0x00000000c8500000)
 Metaspace       used 23659K, capacity 24266K, committed 24576K, reserved 1071104K
  class space    used 2781K, capacity 2967K, committed 3072K, reserved 1048576K
}
Event: 16,172 GC heap before
{Heap before GC invocations=12 (full 1):
 PSYoungGen      total 166912K, used 166888K [0x00000000ec780000, 0x00000000f9c80000, 0x0000000100000000)
  eden space 152576K, 100% used [0x00000000ec780000,0x00000000f5c80000,0x00000000f5c80000)
  from space 14336K, 99% used [0x00000000f8e80000,0x00000000f9c7a2c0,0x00000000f9c80000)
  to   space 16896K, 0% used [0x00000000f7b80000,0x00000000f7b80000,0x00000000f8c00000)
 ParOldGen       total 48128K, used 21405K [0x00000000c5600000, 0x00000000c8500000, 0x00000000ec780000)
  object space 48128K, 44% used [0x00000000c5600000,0x00000000c6ae75d8,0x00000000c8500000)
 Metaspace       used 33386K, capacity 34368K, committed 34432K, reserved 1079296K
  class space    used 4153K, capacity 4447K, committed 4480K, reserved 1048576K
Event: 16,250 GC heap after
Heap after GC invocations=12 (full 1):
 PSYoungGen      total 201216K, used 14321K [0x00000000ec780000, 0x00000000fa980000, 0x0000000100000000)
  eden space 184320K, 0% used [0x00000000ec780000,0x00000000ec780000,0x00000000f7b80000)
  from space 16896K, 84% used [0x00000000f7b80000,0x00000000f897c5a0,0x00000000f8c00000)
  to   space 18432K, 0% used [0x00000000f9780000,0x00000000f9780000,0x00000000fa980000)
 ParOldGen       total 48128K, used 34771K [0x00000000c5600000, 0x00000000c8500000, 0x00000000ec780000)
  object space 48128K, 72% used [0x00000000c5600000,0x00000000c77f4f30,0x00000000c8500000)
 Metaspace       used 33386K, capacity 34368K, committed 34432K, reserved 1079296K
  class space    used 4153K, capacity 4447K, committed 4480K, reserved 1048576K
}
Event: 16,527 GC heap before
{Heap before GC invocations=13 (full 1):
 PSYoungGen      total 201216K, used 28746K [0x00000000ec780000, 0x00000000fa980000, 0x0000000100000000)
  eden space 184320K, 7% used [0x00000000ec780000,0x00000000ed596588,0x00000000f7b80000)
  from space 16896K, 84% used [0x00000000f7b80000,0x00000000f897c5a0,0x00000000f8c00000)
  to   space 18432K, 0% used [0x00000000f9780000,0x00000000f9780000,0x00000000fa980000)
 ParOldGen       total 48128K, used 34771K [0x00000000c5600000, 0x00000000c8500000, 0x00000000ec780000)
  object space 48128K, 72% used [0x00000000c5600000,0x00000000c77f4f30,0x00000000c8500000)
 Metaspace       used 34392K, capacity 35392K, committed 35496K, reserved 1081344K
  class space    used 4288K, capacity 4575K, committed 4608K, reserved 1048576K
Event: 16,552 GC heap after
Heap after GC invocations=13 (full 1):
 PSYoungGen      total 213504K, used 9786K [0x00000000ec780000, 0x00000000fdc00000, 0x0000000100000000)
  eden space 195072K, 0% used [0x00000000ec780000,0x00000000ec780000,0x00000000f8600000)
  from space 18432K, 53% used [0x00000000f9780000,0x00000000fa10ea88,0x00000000fa980000)
  to   space 17920K, 0% used [0x00000000f8600000,0x00000000f8600000,0x00000000f9780000)
 ParOldGen       total 48128K, used 34779K [0x00000000c5600000, 0x00000000c8500000, 0x00000000ec780000)
  object space 48128K, 72% used [0x00000000c5600000,0x00000000c77f6f30,0x00000000c8500000)
 Metaspace       used 34392K, capacity 35392K, committed 35496K, reserved 1081344K
  class space    used 4288K, capacity 4575K, committed 4608K, reserved 1048576K
}
Event: 16,552 GC heap before
{Heap before GC invocations=14 (full 2):
 PSYoungGen      total 213504K, used 9786K [0x00000000ec780000, 0x00000000fdc00000, 0x0000000100000000)
  eden space 195072K, 0% used [0x00000000ec780000,0x00000000ec780000,0x00000000f8600000)
  from space 18432K, 53% used [0x00000000f9780000,0x00000000fa10ea88,0x00000000fa980000)
  to   space 17920K, 0% used [0x00000000f8600000,0x00000000f8600000,0x00000000f9780000)
 ParOldGen       total 48128K, used 34779K [0x00000000c5600000, 0x00000000c8500000, 0x00000000ec780000)
  object space 48128K, 72% used [0x00000000c5600000,0x00000000c77f6f30,0x00000000c8500000)
 Metaspace       used 34392K, capacity 35392K, committed 35496K, reserved 1081344K
  class space    used 4288K, capacity 4575K, committed 4608K, reserved 1048576K

