# JRE version: Java(TM) SE Runtime Environment (8.0_191-b12) (build 1.8.0_191-b12)
# Java VM: Java HotSpot(TM) 64-Bit Server VM (25.191-b12 mixed mode linux-amd64 compressed oops)
Heap:
 PSYoungGen      total 130048K, used 37773K [0x00000000ec780000, 0x00000000f5980000, 0x0000000100000000)
  eden space 118272K, 21% used [0x00000000ec780000,0x00000000ee0e37a8,0x00000000f3b00000)
  from space 11776K, 100% used [0x00000000f4900000,0x00000000f5480000,0x00000000f5480000)
  to   space 14336K, 0% used [0x00000000f3b00000,0x00000000f3b00000,0x00000000f4900000)
 ParOldGen       total 40960K, used 14281K [0x00000000c5600000, 0x00000000c7e00000, 0x00000000ec780000)
  object space 40960K, 34% used [0x00000000c5600000,0x00000000c63f25a0,0x00000000c7e00000)
 Metaspace       used 17686K, capacity 18022K, committed 18304K, reserved 1064960K
  class space    used 2048K, capacity 2161K, committed 2176K, reserved 1048576K
GC Heap History (10 events):
Event: 4,826 GC heap before
{Heap before GC invocations=4 (full 0):
 PSYoungGen      total 17920K, used 17909K [0x00000000ec780000, 0x00000000eea80000, 0x0000000100000000)
  eden space 15360K, 100% used [0x00000000ec780000,0x00000000ed680000,0x00000000ed680000)
  from space 2560K, 99% used [0x00000000ed680000,0x00000000ed8fd428,0x00000000ed900000)
  to   space 2560K, 0% used [0x00000000ee800000,0x00000000ee800000,0x00000000eea80000)
 ParOldGen       total 40960K, used 2846K [0x00000000c5600000, 0x00000000c7e00000, 0x00000000ec780000)
  object space 40960K, 6% used [0x00000000c5600000,0x00000000c58c79b8,0x00000000c7e00000)
 Metaspace       used 11549K, capacity 11688K, committed 11776K, reserved 1058816K
  class space    used 1432K, capacity 1508K, committed 1536K, reserved 1048576K
Event: 4,837 GC heap after
Heap after GC invocations=4 (full 0):
 PSYoungGen      total 33280K, used 2544K [0x00000000ec780000, 0x00000000eea80000, 0x0000000100000000)
  eden space 30720K, 0% used [0x00000000ec780000,0x00000000ec780000,0x00000000ee580000)
  from space 2560K, 99% used [0x00000000ee800000,0x00000000eea7c010,0x00000000eea80000)
  to   space 2560K, 0% used [0x00000000ee580000,0x00000000ee580000,0x00000000ee800000)
 ParOldGen       total 40960K, used 5190K [0x00000000c5600000, 0x00000000c7e00000, 0x00000000ec780000)
  object space 40960K, 12% used [0x00000000c5600000,0x00000000c5b118f8,0x00000000c7e00000)
 Metaspace       used 11549K, capacity 11688K, committed 11776K, reserved 1058816K
  class space    used 1432K, capacity 1508K, committed 1536K, reserved 1048576K
}
Event: 7,262 GC heap before
{Heap before GC invocations=5 (full 0):
 PSYoungGen      total 33280K, used 33264K [0x00000000ec780000, 0x00000000eea80000, 0x0000000100000000)
  eden space 30720K, 100% used [0x00000000ec780000,0x00000000ee580000,0x00000000ee580000)
  from space 2560K, 99% used [0x00000000ee800000,0x00000000eea7c010,0x00000000eea80000)
  to   space 2560K, 0% used [0x00000000ee580000,0x00000000ee580000,0x00000000ee800000)
 ParOldGen       total 40960K, used 5190K [0x00000000c5600000, 0x00000000c7e00000, 0x00000000ec780000)
  object space 40960K, 12% used [0x00000000c5600000,0x00000000c5b118f8,0x00000000c7e00000)
 Metaspace       used 14821K, capacity 14984K, committed 15232K, reserved 1062912K
  class space    used 1817K, capacity 1908K, committed 1920K, reserved 1048576K
Event: 7,301 GC heap after
Heap after GC invocations=5 (full 0):
 PSYoungGen      total 33280K, used 2544K [0x00000000ec780000, 0x00000000f1380000, 0x0000000100000000)
  eden space 30720K, 0% used [0x00000000ec780000,0x00000000ec780000,0x00000000ee580000)
  from space 2560K, 99% used [0x00000000ee580000,0x00000000ee7fc030,0x00000000ee800000)
  to   space 8192K, 0% used [0x00000000f0b80000,0x00000000f0b80000,0x00000000f1380000)
 ParOldGen       total 40960K, used 10504K [0x00000000c5600000, 0x00000000c7e00000, 0x00000000ec780000)
  object space 40960K, 25% used [0x00000000c5600000,0x00000000c60423f8,0x00000000c7e00000)
 Metaspace       used 14821K, capacity 14984K, committed 15232K, reserved 1062912K
  class space    used 1817K, capacity 1908K, committed 1920K, reserved 1048576K
}
Event: 8,698 GC heap before
{Heap before GC invocations=6 (full 0):
 PSYoungGen      total 33280K, used 33264K [0x00000000ec780000, 0x00000000f1380000, 0x0000000100000000)
  eden space 30720K, 100% used [0x00000000ec780000,0x00000000ee580000,0x00000000ee580000)
  from space 2560K, 99% used [0x00000000ee580000,0x00000000ee7fc030,0x00000000ee800000)
  to   space 8192K, 0% used [0x00000000f0b80000,0x00000000f0b80000,0x00000000f1380000)
 ParOldGen       total 40960K, used 10504K [0x00000000c5600000, 0x00000000c7e00000, 0x00000000ec780000)
  object space 40960K, 25% used [0x00000000c5600000,0x00000000c60423f8,0x00000000c7e00000)
 Metaspace       used 15316K, capacity 15534K, committed 15872K, reserved 1062912K
  class space    used 1851K, capacity 1941K, committed 2048K, reserved 1048576K
Event: 8,736 GC heap after
Heap after GC invocations=6 (full 0):
 PSYoungGen      total 68608K, used 7292K [0x00000000ec780000, 0x00000000f1580000, 0x0000000100000000)
  eden space 60416K, 0% used [0x00000000ec780000,0x00000000ec780000,0x00000000f0280000)
  from space 8192K, 89% used [0x00000000f0b80000,0x00000000f129f150,0x00000000f1380000)
  to   space 9216K, 0% used [0x00000000f0280000,0x00000000f0280000,0x00000000f0b80000)
 ParOldGen       total 40960K, used 10512K [0x00000000c5600000, 0x00000000c7e00000, 0x00000000ec780000)
  object space 40960K, 25% used [0x00000000c5600000,0x00000000c60443f8,0x00000000c7e00000)
 Metaspace       used 15316K, capacity 15534K, committed 15872K, reserved 1062912K
  class space    used 1851K, capacity 1941K, committed 2048K, reserved 1048576K
}
Event: 11,799 GC heap before
{Heap before GC invocations=7 (full 0):
 PSYoungGen      total 68608K, used 67708K [0x00000000ec780000, 0x00000000f1580000, 0x0000000100000000)
  eden space 60416K, 100% used [0x00000000ec780000,0x00000000f0280000,0x00000000f0280000)
  from space 8192K, 89% used [0x00000000f0b80000,0x00000000f129f150,0x00000000f1380000)
  to   space 9216K, 0% used [0x00000000f0280000,0x00000000f0280000,0x00000000f0b80000)
 ParOldGen       total 40960K, used 10512K [0x00000000c5600000, 0x00000000c7e00000, 0x00000000ec780000)
  object space 40960K, 25% used [0x00000000c5600000,0x00000000c60443f8,0x00000000c7e00000)
 Metaspace       used 15575K, capacity 15792K, committed 16128K, reserved 1062912K
  class space    used 1861K, capacity 1952K, committed 2048K, reserved 1048576K
Event: 11,857 GC heap after
Heap after GC invocations=7 (full 0):
 PSYoungGen      total 69632K, used 9200K [0x00000000ec780000, 0x00000000f5480000, 0x0000000100000000)
  eden space 60416K, 0% used [0x00000000ec780000,0x00000000ec780000,0x00000000f0280000)
  from space 9216K, 99% used [0x00000000f0280000,0x00000000f0b7c010,0x00000000f0b80000)
  to   space 11776K, 0% used [0x00000000f4900000,0x00000000f4900000,0x00000000f5480000)
 ParOldGen       total 40960K, used 13029K [0x00000000c5600000, 0x00000000c7e00000, 0x00000000ec780000)
  object space 40960K, 31% used [0x00000000c5600000,0x00000000c62b9498,0x00000000c7e00000)
 Metaspace       used 15575K, capacity 15792K, committed 16128K, reserved 1062912K
  class space    used 1861K, capacity 1952K, committed 2048K, reserved 1048576K
}
Event: 15,261 GC heap before
{Heap before GC invocations=8 (full 0):
 PSYoungGen      total 69632K, used 69616K [0x00000000ec780000, 0x00000000f5480000, 0x0000000100000000)
  eden space 60416K, 100% used [0x00000000ec780000,0x00000000f0280000,0x00000000f0280000)
  from space 9216K, 99% used [0x00000000f0280000,0x00000000f0b7c010,0x00000000f0b80000)
  to   space 11776K, 0% used [0x00000000f4900000,0x00000000f4900000,0x00000000f5480000)
 ParOldGen       total 40960K, used 13029K [0x00000000c5600000, 0x00000000c7e00000, 0x00000000ec780000)
  object space 40960K, 31% used [0x00000000c5600000,0x00000000c62b9498,0x00000000c7e00000)
 Metaspace       used 17128K, capacity 17448K, committed 17536K, reserved 1064960K
  class space    used 2010K, capacity 2120K, committed 2176K, reserved 1048576K
Event: 15,300 GC heap after
Heap after GC invocations=8 (full 0):
 PSYoungGen      total 130048K, used 11776K [0x00000000ec780000, 0x00000000f5980000, 0x0000000100000000)
  eden space 118272K, 0% used [0x00000000ec780000,0x00000000ec780000,0x00000000f3b00000)
  from space 11776K, 100% used [0x00000000f4900000,0x00000000f5480000,0x00000000f5480000)
  to   space 14336K, 0% used [0x00000000f3b00000,0x00000000f3b00000,0x00000000f4900000)
 ParOldGen       total 40960K, used 14281K [0x00000000c5600000, 0x00000000c7e00000, 0x00000000ec780000)
  object space 40960K, 34% used [0x00000000c5600000,0x00000000c63f25a0,0x00000000c7e00000)
 Metaspace       used 17128K, capacity 17448K, committed 17536K, reserved 1064960K
  class space    used 2010K, capacity 2120K, committed 2176K, reserved 1048576K
}

