# JRE version: Java(TM) SE Runtime Environment (8.0_191-b12) (build 1.8.0_191-b12)
# Java VM: Java HotSpot(TM) 64-Bit Server VM (25.191-b12 mixed mode linux-amd64 compressed oops)
Heap:
 PSYoungGen      total 160768K, used 3489K [0x00000000ec780000, 0x00000000f8100000, 0x0000000100000000)
  eden space 147968K, 0% used [0x00000000ec780000,0x00000000ec780000,0x00000000f5800000)
  from space 12800K, 27% used [0x00000000f5800000,0x00000000f5b685f8,0x00000000f6480000)
  to   space 12800K, 0% used [0x00000000f7480000,0x00000000f7480000,0x00000000f8100000)
 ParOldGen       total 53248K, used 27534K [0x00000000c5600000, 0x00000000c8a00000, 0x00000000ec780000)
  object space 53248K, 51% used [0x00000000c5600000,0x00000000c70e3b98,0x00000000c8a00000)
 Metaspace       used 34483K, capacity 35374K, committed 35496K, reserved 1081344K
  class space    used 4296K, capacity 4578K, committed 4608K, reserved 1048576K
GC Heap History (10 events):
Event: 16,164 GC heap after
Heap after GC invocations=10 (full 0):
 PSYoungGen      total 105984K, used 8320K [0x00000000ec780000, 0x00000000f3a80000, 0x0000000100000000)
  eden space 94208K, 0% used [0x00000000ec780000,0x00000000ec780000,0x00000000f2380000)
  from space 11776K, 70% used [0x00000000f2f00000,0x00000000f3720370,0x00000000f3a80000)
  to   space 11776K, 0% used [0x00000000f2380000,0x00000000f2380000,0x00000000f2f00000)
 ParOldGen       total 40960K, used 19108K [0x00000000c5600000, 0x00000000c7e00000, 0x00000000ec780000)
  object space 40960K, 46% used [0x00000000c5600000,0x00000000c68a93c8,0x00000000c7e00000)
 Metaspace       used 17698K, capacity 18086K, committed 18304K, reserved 1064960K
  class space    used 2048K, capacity 2161K, committed 2176K, reserved 1048576K
}
Event: 22,051 GC heap before
{Heap before GC invocations=11 (full 0):
 PSYoungGen      total 105984K, used 72244K [0x00000000ec780000, 0x00000000f3a80000, 0x0000000100000000)
  eden space 94208K, 67% used [0x00000000ec780000,0x00000000f05ed050,0x00000000f2380000)
  from space 11776K, 70% used [0x00000000f2f00000,0x00000000f3720370,0x00000000f3a80000)
  to   space 11776K, 0% used [0x00000000f2380000,0x00000000f2380000,0x00000000f2f00000)
 ParOldGen       total 40960K, used 19108K [0x00000000c5600000, 0x00000000c7e00000, 0x00000000ec780000)
  object space 40960K, 46% used [0x00000000c5600000,0x00000000c68a93c8,0x00000000c7e00000)
 Metaspace       used 20641K, capacity 21158K, committed 21296K, reserved 1069056K
  class space    used 2434K, capacity 2657K, committed 2688K, reserved 1048576K
Event: 22,083 GC heap after
Heap after GC invocations=11 (full 0):
 PSYoungGen      total 105984K, used 5103K [0x00000000ec780000, 0x00000000f7100000, 0x0000000100000000)
  eden space 94208K, 0% used [0x00000000ec780000,0x00000000ec780000,0x00000000f2380000)
  from space 11776K, 43% used [0x00000000f2380000,0x00000000f287bc18,0x00000000f2f00000)
  to   space 11264K, 0% used [0x00000000f6600000,0x00000000f6600000,0x00000000f7100000)
 ParOldGen       total 40960K, used 25564K [0x00000000c5600000, 0x00000000c7e00000, 0x00000000ec780000)
  object space 40960K, 62% used [0x00000000c5600000,0x00000000c6ef73c8,0x00000000c7e00000)
 Metaspace       used 20641K, capacity 21158K, committed 21296K, reserved 1069056K
  class space    used 2434K, capacity 2657K, committed 2688K, reserved 1048576K
}
Event: 22,083 GC heap before
{Heap before GC invocations=12 (full 1):
 PSYoungGen      total 105984K, used 5103K [0x00000000ec780000, 0x00000000f7100000, 0x0000000100000000)
  eden space 94208K, 0% used [0x00000000ec780000,0x00000000ec780000,0x00000000f2380000)
  from space 11776K, 43% used [0x00000000f2380000,0x00000000f287bc18,0x00000000f2f00000)
  to   space 11264K, 0% used [0x00000000f6600000,0x00000000f6600000,0x00000000f7100000)
 ParOldGen       total 40960K, used 25564K [0x00000000c5600000, 0x00000000c7e00000, 0x00000000ec780000)
  object space 40960K, 62% used [0x00000000c5600000,0x00000000c6ef73c8,0x00000000c7e00000)
 Metaspace       used 20641K, capacity 21158K, committed 21296K, reserved 1069056K
  class space    used 2434K, capacity 2657K, committed 2688K, reserved 1048576K
Event: 22,394 GC heap after
Heap after GC invocations=12 (full 1):
 PSYoungGen      total 105984K, used 0K [0x00000000ec780000, 0x00000000f7100000, 0x0000000100000000)
  eden space 94208K, 0% used [0x00000000ec780000,0x00000000ec780000,0x00000000f2380000)
  from space 11776K, 0% used [0x00000000f2380000,0x00000000f2380000,0x00000000f2f00000)
  to   space 11264K, 0% used [0x00000000f6600000,0x00000000f6600000,0x00000000f7100000)
 ParOldGen       total 53248K, used 23511K [0x00000000c5600000, 0x00000000c8a00000, 0x00000000ec780000)
  object space 53248K, 44% used [0x00000000c5600000,0x00000000c6cf5d98,0x00000000c8a00000)
 Metaspace       used 20641K, capacity 21158K, committed 21296K, reserved 1069056K
  class space    used 2434K, capacity 2657K, committed 2688K, reserved 1048576K
}
Event: 29,788 GC heap before
{Heap before GC invocations=13 (full 1):
 PSYoungGen      total 105984K, used 94208K [0x00000000ec780000, 0x00000000f7100000, 0x0000000100000000)
  eden space 94208K, 100% used [0x00000000ec780000,0x00000000f2380000,0x00000000f2380000)
  from space 11776K, 0% used [0x00000000f2380000,0x00000000f2380000,0x00000000f2f00000)
  to   space 11264K, 0% used [0x00000000f6600000,0x00000000f6600000,0x00000000f7100000)
 ParOldGen       total 53248K, used 23511K [0x00000000c5600000, 0x00000000c8a00000, 0x00000000ec780000)
  object space 53248K, 44% used [0x00000000c5600000,0x00000000c6cf5d98,0x00000000c8a00000)
 Metaspace       used 31736K, capacity 32592K, committed 32640K, reserved 1077248K
  class space    used 3934K, capacity 4209K, committed 4224K, reserved 1048576K
Event: 29,826 GC heap after
Heap after GC invocations=13 (full 1):
 PSYoungGen      total 132608K, used 11240K [0x00000000ec780000, 0x00000000f7100000, 0x0000000100000000)
  eden space 121344K, 0% used [0x00000000ec780000,0x00000000ec780000,0x00000000f3e00000)
  from space 11264K, 99% used [0x00000000f6600000,0x00000000f70fa000,0x00000000f7100000)
  to   space 12800K, 0% used [0x00000000f5800000,0x00000000f5800000,0x00000000f6480000)
 ParOldGen       total 53248K, used 23901K [0x00000000c5600000, 0x00000000c8a00000, 0x00000000ec780000)
  object space 53248K, 44% used [0x00000000c5600000,0x00000000c6d577b8,0x00000000c8a00000)
 Metaspace       used 31736K, capacity 32592K, committed 32640K, reserved 1077248K
  class space    used 3934K, capacity 4209K, committed 4224K, reserved 1048576K
}
Event: 30,607 GC heap before
{Heap before GC invocations=14 (full 1):
 PSYoungGen      total 132608K, used 36586K [0x00000000ec780000, 0x00000000f7100000, 0x0000000100000000)
  eden space 121344K, 20% used [0x00000000ec780000,0x00000000ee040970,0x00000000f3e00000)
  from space 11264K, 99% used [0x00000000f6600000,0x00000000f70fa000,0x00000000f7100000)
  to   space 12800K, 0% used [0x00000000f5800000,0x00000000f5800000,0x00000000f6480000)
 ParOldGen       total 53248K, used 23901K [0x00000000c5600000, 0x00000000c8a00000, 0x00000000ec780000)
  object space 53248K, 44% used [0x00000000c5600000,0x00000000c6d577b8,0x00000000c8a00000)
 Metaspace       used 34483K, capacity 35374K, committed 35496K, reserved 1081344K
  class space    used 4296K, capacity 4578K, committed 4608K, reserved 1048576K
Event: 30,641 GC heap after
Heap after GC invocations=14 (full 1):
 PSYoungGen      total 160768K, used 3489K [0x00000000ec780000, 0x00000000f8100000, 0x0000000100000000)
  eden space 147968K, 0% used [0x00000000ec780000,0x00000000ec780000,0x00000000f5800000)
  from space 12800K, 27% used [0x00000000f5800000,0x00000000f5b685f8,0x00000000f6480000)
  to   space 12800K, 0% used [0x00000000f7480000,0x00000000f7480000,0x00000000f8100000)
 ParOldGen       total 53248K, used 27534K [0x00000000c5600000, 0x00000000c8a00000, 0x00000000ec780000)
  object space 53248K, 51% used [0x00000000c5600000,0x00000000c70e3b98,0x00000000c8a00000)
 Metaspace       used 34483K, capacity 35374K, committed 35496K, reserved 1081344K
  class space    used 4296K, capacity 4578K, committed 4608K, reserved 1048576K
}
Event: 30,641 GC heap before
{Heap before GC invocations=15 (full 2):
 PSYoungGen      total 160768K, used 3489K [0x00000000ec780000, 0x00000000f8100000, 0x0000000100000000)
  eden space 147968K, 0% used [0x00000000ec780000,0x00000000ec780000,0x00000000f5800000)
  from space 12800K, 27% used [0x00000000f5800000,0x00000000f5b685f8,0x00000000f6480000)
  to   space 12800K, 0% used [0x00000000f7480000,0x00000000f7480000,0x00000000f8100000)
 ParOldGen       total 53248K, used 27534K [0x00000000c5600000, 0x00000000c8a00000, 0x00000000ec780000)
  object space 53248K, 51% used [0x00000000c5600000,0x00000000c70e3b98,0x00000000c8a00000)
 Metaspace       used 34483K, capacity 35374K, committed 35496K, reserved 1081344K
  class space    used 4296K, capacity 4578K, committed 4608K, reserved 1048576K

