# JRE version: Java(TM) SE Runtime Environment (8.0_191-b12) (build 1.8.0_191-b12)
# Java VM: Java HotSpot(TM) 64-Bit Server VM (25.191-b12 mixed mode linux-amd64 compressed oops)
Heap:
 PSYoungGen      total 136704K, used 40189K [0x00000000ec780000, 0x00000000f5b80000, 0x0000000100000000)
  eden space 123904K, 25% used [0x00000000ec780000,0x00000000ee6d2d98,0x00000000f4080000)
  from space 12800K, 63% used [0x00000000f4f00000,0x00000000f56ec948,0x00000000f5b80000)
  to   space 13824K, 0% used [0x00000000f4080000,0x00000000f4080000,0x00000000f4e00000)
 ParOldGen       total 49152K, used 34194K [0x00000000c5600000, 0x00000000c8600000, 0x00000000ec780000)
  object space 49152K, 69% used [0x00000000c5600000,0x00000000c7764b88,0x00000000c8600000)
 Metaspace       used 28609K, capacity 29388K, committed 29568K, reserved 1075200K
  class space    used 3414K, capacity 3656K, committed 3712K, reserved 1048576K
GC Heap History (10 events):
Event: 12,822 GC heap before
{Heap before GC invocations=9 (full 0):
 PSYoungGen      total 67584K, used 67584K [0x00000000ec780000, 0x00000000f1680000, 0x0000000100000000)
  eden space 58880K, 100% used [0x00000000ec780000,0x00000000f0100000,0x00000000f0100000)
  from space 8704K, 100% used [0x00000000f0b00000,0x00000000f1380000,0x00000000f1380000)
  to   space 10240K, 0% used [0x00000000f0100000,0x00000000f0100000,0x00000000f0b00000)
 ParOldGen       total 40960K, used 11109K [0x00000000c5600000, 0x00000000c7e00000, 0x00000000ec780000)
  object space 40960K, 27% used [0x00000000c5600000,0x00000000c60d96d8,0x00000000c7e00000)
 Metaspace       used 15922K, capacity 16208K, committed 16384K, reserved 1062912K
  class space    used 1876K, capacity 1984K, committed 2048K, reserved 1048576K
Event: 12,856 GC heap after
Heap after GC invocations=9 (full 0):
 PSYoungGen      total 69120K, used 9472K [0x00000000ec780000, 0x00000000f3a80000, 0x0000000100000000)
  eden space 58880K, 0% used [0x00000000ec780000,0x00000000ec780000,0x00000000f0100000)
  from space 10240K, 92% used [0x00000000f0100000,0x00000000f0a40000,0x00000000f0b00000)
  to   space 11776K, 0% used [0x00000000f2f00000,0x00000000f2f00000,0x00000000f3a80000)
 ParOldGen       total 40960K, used 13898K [0x00000000c5600000, 0x00000000c7e00000, 0x00000000ec780000)
  object space 40960K, 33% used [0x00000000c5600000,0x00000000c6392958,0x00000000c7e00000)
 Metaspace       used 15922K, capacity 16208K, committed 16384K, reserved 1062912K
  class space    used 1876K, capacity 1984K, committed 2048K, reserved 1048576K
}
Event: 17,460 GC heap before
{Heap before GC invocations=10 (full 0):
 PSYoungGen      total 69120K, used 66626K [0x00000000ec780000, 0x00000000f3a80000, 0x0000000100000000)
  eden space 58880K, 97% used [0x00000000ec780000,0x00000000eff50bf0,0x00000000f0100000)
  from space 10240K, 92% used [0x00000000f0100000,0x00000000f0a40000,0x00000000f0b00000)
  to   space 11776K, 0% used [0x00000000f2f00000,0x00000000f2f00000,0x00000000f3a80000)
 ParOldGen       total 40960K, used 13898K [0x00000000c5600000, 0x00000000c7e00000, 0x00000000ec780000)
  object space 40960K, 33% used [0x00000000c5600000,0x00000000c6392958,0x00000000c7e00000)
 Metaspace       used 20737K, capacity 21146K, committed 21296K, reserved 1069056K
  class space    used 2491K, capacity 2649K, committed 2688K, reserved 1048576K
Event: 17,522 GC heap after
Heap after GC invocations=10 (full 0):
 PSYoungGen      total 105984K, used 8395K [0x00000000ec780000, 0x00000000f3a80000, 0x0000000100000000)
  eden space 94208K, 0% used [0x00000000ec780000,0x00000000ec780000,0x00000000f2380000)
  from space 11776K, 71% used [0x00000000f2f00000,0x00000000f3732e50,0x00000000f3a80000)
  to   space 11776K, 0% used [0x00000000f2380000,0x00000000f2380000,0x00000000f2f00000)
 ParOldGen       total 40960K, used 19338K [0x00000000c5600000, 0x00000000c7e00000, 0x00000000ec780000)
  object space 40960K, 47% used [0x00000000c5600000,0x00000000c68e2978,0x00000000c7e00000)
 Metaspace       used 20737K, capacity 21146K, committed 21296K, reserved 1069056K
  class space    used 2491K, capacity 2649K, committed 2688K, reserved 1048576K
}
Event: 17,522 GC heap before
{Heap before GC invocations=11 (full 1):
 PSYoungGen      total 105984K, used 8395K [0x00000000ec780000, 0x00000000f3a80000, 0x0000000100000000)
  eden space 94208K, 0% used [0x00000000ec780000,0x00000000ec780000,0x00000000f2380000)
  from space 11776K, 71% used [0x00000000f2f00000,0x00000000f3732e50,0x00000000f3a80000)
  to   space 11776K, 0% used [0x00000000f2380000,0x00000000f2380000,0x00000000f2f00000)
 ParOldGen       total 40960K, used 19338K [0x00000000c5600000, 0x00000000c7e00000, 0x00000000ec780000)
  object space 40960K, 47% used [0x00000000c5600000,0x00000000c68e2978,0x00000000c7e00000)
 Metaspace       used 20737K, capacity 21146K, committed 21296K, reserved 1069056K
  class space    used 2491K, capacity 2649K, committed 2688K, reserved 1048576K
Event: 17,796 GC heap after
Heap after GC invocations=11 (full 1):
 PSYoungGen      total 105984K, used 0K [0x00000000ec780000, 0x00000000f3a80000, 0x0000000100000000)
  eden space 94208K, 0% used [0x00000000ec780000,0x00000000ec780000,0x00000000f2380000)
  from space 11776K, 0% used [0x00000000f2f00000,0x00000000f2f00000,0x00000000f3a80000)
  to   space 11776K, 0% used [0x00000000f2380000,0x00000000f2380000,0x00000000f2f00000)
 ParOldGen       total 49152K, used 20469K [0x00000000c5600000, 0x00000000c8600000, 0x00000000ec780000)
  object space 49152K, 41% used [0x00000000c5600000,0x00000000c69fd758,0x00000000c8600000)
 Metaspace       used 20737K, capacity 21146K, committed 21296K, reserved 1069056K
  class space    used 2491K, capacity 2649K, committed 2688K, reserved 1048576K
}
Event: 20,433 GC heap before
{Heap before GC invocations=12 (full 1):
 PSYoungGen      total 105984K, used 94208K [0x00000000ec780000, 0x00000000f3a80000, 0x0000000100000000)
  eden space 94208K, 100% used [0x00000000ec780000,0x00000000f2380000,0x00000000f2380000)
  from space 11776K, 0% used [0x00000000f2f00000,0x00000000f2f00000,0x00000000f3a80000)
  to   space 11776K, 0% used [0x00000000f2380000,0x00000000f2380000,0x00000000f2f00000)
 ParOldGen       total 49152K, used 20469K [0x00000000c5600000, 0x00000000c8600000, 0x00000000ec780000)
  object space 49152K, 41% used [0x00000000c5600000,0x00000000c69fd758,0x00000000c8600000)
 Metaspace       used 23514K, capacity 24100K, committed 24320K, reserved 1071104K
  class space    used 2776K, capacity 2950K, committed 3072K, reserved 1048576K
Event: 20,489 GC heap after
Heap after GC invocations=12 (full 1):
 PSYoungGen      total 105984K, used 11755K [0x00000000ec780000, 0x00000000f5d00000, 0x0000000100000000)
  eden space 94208K, 0% used [0x00000000ec780000,0x00000000ec780000,0x00000000f2380000)
  from space 11776K, 99% used [0x00000000f2380000,0x00000000f2efaed0,0x00000000f2f00000)
  to   space 14336K, 0% used [0x00000000f4f00000,0x00000000f4f00000,0x00000000f5d00000)
 ParOldGen       total 49152K, used 22619K [0x00000000c5600000, 0x00000000c8600000, 0x00000000ec780000)
  object space 49152K, 46% used [0x00000000c5600000,0x00000000c6c16fd0,0x00000000c8600000)
 Metaspace       used 23514K, capacity 24100K, committed 24320K, reserved 1071104K
  class space    used 2776K, capacity 2950K, committed 3072K, reserved 1048576K
}
Event: 23,325 GC heap before
{Heap before GC invocations=13 (full 1):
 PSYoungGen      total 105984K, used 105963K [0x00000000ec780000, 0x00000000f5d00000, 0x0000000100000000)
  eden space 94208K, 100% used [0x00000000ec780000,0x00000000f2380000,0x00000000f2380000)
  from space 11776K, 99% used [0x00000000f2380000,0x00000000f2efaed0,0x00000000f2f00000)
  to   space 14336K, 0% used [0x00000000f4f00000,0x00000000f4f00000,0x00000000f5d00000)
 ParOldGen       total 49152K, used 22619K [0x00000000c5600000, 0x00000000c8600000, 0x00000000ec780000)
  object space 49152K, 46% used [0x00000000c5600000,0x00000000c6c16fd0,0x00000000c8600000)
 Metaspace       used 25187K, capacity 25744K, committed 25984K, reserved 1073152K
  class space    used 2945K, capacity 3096K, committed 3200K, reserved 1048576K
Event: 23,369 GC heap after
Heap after GC invocations=13 (full 1):
 PSYoungGen      total 136704K, used 8114K [0x00000000ec780000, 0x00000000f5b80000, 0x0000000100000000)
  eden space 123904K, 0% used [0x00000000ec780000,0x00000000ec780000,0x00000000f4080000)
  from space 12800K, 63% used [0x00000000f4f00000,0x00000000f56ec948,0x00000000f5b80000)
  to   space 13824K, 0% used [0x00000000f4080000,0x00000000f4080000,0x00000000f4e00000)
 ParOldGen       total 49152K, used 34194K [0x00000000c5600000, 0x00000000c8600000, 0x00000000ec780000)
  object space 49152K, 69% used [0x00000000c5600000,0x00000000c7764b88,0x00000000c8600000)
 Metaspace       used 25187K, capacity 25744K, committed 25984K, reserved 1073152K
  class space    used 2945K, capacity 3096K, committed 3200K, reserved 1048576K
}

